{"unknown": {"path":"unknown","statementMap":{"0":{"start":{"line":83,"column":26},"end":{"line":86,"column":8}},"1":{"start":{"line":87,"column":6},"end":{"line":102,"column":7}},"2":{"start":{"line":93,"column":19},"end":{"line":93,"column":52}},"3":{"start":{"line":94,"column":19},"end":{"line":94,"column":96}},"4":{"start":{"line":97,"column":19},"end":{"line":97,"column":52}},"5":{"start":{"line":98,"column":19},"end":{"line":98,"column":66}},"6":{"start":{"line":106,"column":8},"end":{"line":106,"column":34}},"7":{"start":{"line":108,"column":8},"end":{"line":110,"column":10}},"8":{"start":{"line":109,"column":10},"end":{"line":109,"column":31}},"9":{"start":{"line":113,"column":8},"end":{"line":113,"column":34}},"10":{"start":{"line":115,"column":8},"end":{"line":117,"column":10}},"11":{"start":{"line":116,"column":10},"end":{"line":116,"column":54}},"12":{"start":{"line":116,"column":29},"end":{"line":116,"column":54}},"13":{"start":{"line":118,"column":8},"end":{"line":125,"column":9}},"14":{"start":{"line":119,"column":10},"end":{"line":124,"column":12}}},"fnMap":{"0":{"name":"(anonymous_0)","decl":{"start":{"line":93,"column":12},"end":{"line":93,"column":13}},"loc":{"start":{"line":93,"column":19},"end":{"line":93,"column":52}},"line":93},"1":{"name":"(anonymous_1)","decl":{"start":{"line":94,"column":12},"end":{"line":94,"column":13}},"loc":{"start":{"line":94,"column":19},"end":{"line":94,"column":96}},"line":94},"2":{"name":"(anonymous_2)","decl":{"start":{"line":97,"column":12},"end":{"line":97,"column":13}},"loc":{"start":{"line":97,"column":19},"end":{"line":97,"column":52}},"line":97},"3":{"name":"(anonymous_3)","decl":{"start":{"line":98,"column":12},"end":{"line":98,"column":13}},"loc":{"start":{"line":98,"column":19},"end":{"line":98,"column":66}},"line":98},"4":{"name":"(anonymous_4)","decl":{"start":{"line":108,"column":39},"end":{"line":108,"column":40}},"loc":{"start":{"line":108,"column":44},"end":{"line":110,"column":9}},"line":108},"5":{"name":"(anonymous_5)","decl":{"start":{"line":115,"column":39},"end":{"line":115,"column":40}},"loc":{"start":{"line":115,"column":44},"end":{"line":117,"column":9}},"line":115}},"branchMap":{"0":{"loc":{"start":{"line":93,"column":19},"end":{"line":93,"column":52}},"type":"binary-expr","locations":[{"start":{"line":93,"column":19},"end":{"line":93,"column":24}},{"start":{"line":93,"column":28},"end":{"line":93,"column":52}}],"line":93},"1":{"loc":{"start":{"line":94,"column":19},"end":{"line":94,"column":96}},"type":"binary-expr","locations":[{"start":{"line":94,"column":19},"end":{"line":94,"column":48}},{"start":{"line":94,"column":52},"end":{"line":94,"column":69}},{"start":{"line":94,"column":73},"end":{"line":94,"column":96}}],"line":94},"2":{"loc":{"start":{"line":97,"column":19},"end":{"line":97,"column":52}},"type":"binary-expr","locations":[{"start":{"line":97,"column":19},"end":{"line":97,"column":24}},{"start":{"line":97,"column":28},"end":{"line":97,"column":52}}],"line":97},"3":{"loc":{"start":{"line":98,"column":19},"end":{"line":98,"column":66}},"type":"binary-expr","locations":[{"start":{"line":98,"column":19},"end":{"line":98,"column":35}},{"start":{"line":98,"column":39},"end":{"line":98,"column":66}}],"line":98},"4":{"loc":{"start":{"line":116,"column":10},"end":{"line":116,"column":54}},"type":"if","locations":[{"start":{"line":116,"column":10},"end":{"line":116,"column":54}},{"start":{"line":116,"column":10},"end":{"line":116,"column":54}}],"line":116},"5":{"loc":{"start":{"line":118,"column":8},"end":{"line":125,"column":9}},"type":"if","locations":[{"start":{"line":118,"column":8},"end":{"line":125,"column":9}},{"start":{"line":118,"column":8},"end":{"line":125,"column":9}}],"line":118}},"s":{"0":2,"1":2,"2":0,"3":0,"4":0,"5":0,"6":0,"7":0,"8":0,"9":4,"10":4,"11":8,"12":4,"13":4,"14":1},"f":{"0":0,"1":0,"2":0,"3":0,"4":0,"5":8},"b":{"0":[0,0],"1":[0,0,0],"2":[0,0],"3":[0,0],"4":[4,4],"5":[1,3]},"_coverageSchema":"332fd63041d2c1bcb487cc26dd0d5f7d97098a6c","hash":"659886d6f415e753065a16d6977f4bbb567782a7"}
,"/Users/kensei/program/ruby/todo-app-v2/frontend/src/javascripts/store/store.js": {"path":"/Users/kensei/program/ruby/todo-app-v2/frontend/src/javascripts/store/store.js","statementMap":{"0":{"start":{"line":2,"column":2},"end":{"line":2,"column":43}},"1":{"start":{"line":2,"column":27},"end":{"line":2,"column":41}},"2":{"start":{"line":5,"column":2},"end":{"line":9,"column":3}},"3":{"start":{"line":6,"column":4},"end":{"line":8,"column":5}},"4":{"start":{"line":7,"column":8},"end":{"line":7,"column":18}},"5":{"start":{"line":19,"column":0},"end":{"line":19,"column":13}},"6":{"start":{"line":26,"column":24},"end":{"line":26,"column":40}},"7":{"start":{"line":27,"column":33},"end":{"line":27,"column":86}},"8":{"start":{"line":28,"column":27},"end":{"line":28,"column":46}},"9":{"start":{"line":41,"column":6},"end":{"line":41,"column":23}},"10":{"start":{"line":42,"column":6},"end":{"line":42,"column":33}},"11":{"start":{"line":43,"column":6},"end":{"line":43,"column":25}},"12":{"start":{"line":44,"column":6},"end":{"line":44,"column":35}},"13":{"start":{"line":47,"column":6},"end":{"line":47,"column":30}},"14":{"start":{"line":50,"column":6},"end":{"line":50,"column":53}},"15":{"start":{"line":53,"column":6},"end":{"line":53,"column":24}},"16":{"start":{"line":56,"column":6},"end":{"line":56,"column":23}},"17":{"start":{"line":57,"column":6},"end":{"line":57,"column":33}},"18":{"start":{"line":58,"column":6},"end":{"line":58,"column":25}},"19":{"start":{"line":59,"column":6},"end":{"line":59,"column":35}},"20":{"start":{"line":62,"column":6},"end":{"line":62,"column":29}},"21":{"start":{"line":65,"column":15},"end":{"line":65,"column":47}},"22":{"start":{"line":66,"column":6},"end":{"line":73,"column":7}},"23":{"start":{"line":68,"column":10},"end":{"line":68,"column":70}},"24":{"start":{"line":69,"column":10},"end":{"line":69,"column":15}},"25":{"start":{"line":71,"column":10},"end":{"line":71,"column":62}},"26":{"start":{"line":72,"column":10},"end":{"line":72,"column":15}},"27":{"start":{"line":76,"column":6},"end":{"line":82,"column":8}},"28":{"start":{"line":85,"column":6},"end":{"line":85,"column":75}},"29":{"start":{"line":88,"column":6},"end":{"line":91,"column":7}},"30":{"start":{"line":92,"column":6},"end":{"line":92,"column":39}},"31":{"start":{"line":95,"column":6},"end":{"line":95,"column":42}},"32":{"start":{"line":98,"column":6},"end":{"line":98,"column":69}},"33":{"start":{"line":99,"column":6},"end":{"line":102,"column":9}},"34":{"start":{"line":100,"column":8},"end":{"line":102,"column":9}},"35":{"start":{"line":101,"column":10},"end":{"line":101,"column":39}},"36":{"start":{"line":107,"column":6},"end":{"line":107,"column":31}},"37":{"start":{"line":111,"column":6},"end":{"line":111,"column":29}},"38":{"start":{"line":114,"column":6},"end":{"line":126,"column":7}},"39":{"start":{"line":115,"column":25},"end":{"line":121,"column":10}},"40":{"start":{"line":122,"column":10},"end":{"line":122,"column":42}},"41":{"start":{"line":123,"column":10},"end":{"line":123,"column":32}},"42":{"start":{"line":125,"column":8},"end":{"line":125,"column":34}},"43":{"start":{"line":129,"column":6},"end":{"line":142,"column":7}},"44":{"start":{"line":130,"column":25},"end":{"line":135,"column":10}},"45":{"start":{"line":136,"column":10},"end":{"line":136,"column":36}},"46":{"start":{"line":137,"column":10},"end":{"line":137,"column":42}},"47":{"start":{"line":138,"column":10},"end":{"line":138,"column":32}},"48":{"start":{"line":140,"column":8},"end":{"line":140,"column":26}},"49":{"start":{"line":141,"column":8},"end":{"line":141,"column":34}},"50":{"start":{"line":145,"column":6},"end":{"line":145,"column":41}},"51":{"start":{"line":146,"column":6},"end":{"line":146,"column":26}},"52":{"start":{"line":149,"column":6},"end":{"line":149,"column":32}},"53":{"start":{"line":150,"column":6},"end":{"line":158,"column":7}},"54":{"start":{"line":151,"column":23},"end":{"line":152,"column":28}},"55":{"start":{"line":153,"column":8},"end":{"line":153,"column":53}},"56":{"start":{"line":154,"column":8},"end":{"line":154,"column":35}},"57":{"start":{"line":156,"column":8},"end":{"line":156,"column":34}},"58":{"start":{"line":157,"column":8},"end":{"line":157,"column":35}},"59":{"start":{"line":161,"column":6},"end":{"line":161,"column":32}},"60":{"start":{"line":162,"column":6},"end":{"line":162,"column":21}},"61":{"start":{"line":163,"column":6},"end":{"line":171,"column":7}},"62":{"start":{"line":164,"column":8},"end":{"line":164,"column":45}},"63":{"start":{"line":165,"column":8},"end":{"line":165,"column":36}},"64":{"start":{"line":166,"column":8},"end":{"line":166,"column":61}},"65":{"start":{"line":167,"column":8},"end":{"line":167,"column":35}},"66":{"start":{"line":169,"column":8},"end":{"line":169,"column":34}},"67":{"start":{"line":170,"column":8},"end":{"line":170,"column":35}},"68":{"start":{"line":174,"column":6},"end":{"line":174,"column":32}},"69":{"start":{"line":175,"column":6},"end":{"line":189,"column":8}},"70":{"start":{"line":176,"column":22},"end":{"line":176,"column":24}},"71":{"start":{"line":177,"column":20},"end":{"line":177,"column":39}},"72":{"start":{"line":178,"column":8},"end":{"line":185,"column":9}},"73":{"start":{"line":179,"column":10},"end":{"line":184,"column":12}},"74":{"start":{"line":187,"column":8},"end":{"line":187,"column":33}},"75":{"start":{"line":188,"column":8},"end":{"line":188,"column":35}},"76":{"start":{"line":192,"column":19},"end":{"line":192,"column":55}},"77":{"start":{"line":193,"column":8},"end":{"line":210,"column":9}},"78":{"start":{"line":194,"column":10},"end":{"line":201,"column":16}},"79":{"start":{"line":197,"column":16},"end":{"line":197,"column":45}},"80":{"start":{"line":198,"column":16},"end":{"line":198,"column":67}},"81":{"start":{"line":200,"column":16},"end":{"line":200,"column":34}},"82":{"start":{"line":203,"column":10},"end":{"line":209,"column":14}},"83":{"start":{"line":206,"column":14},"end":{"line":206,"column":42}},"84":{"start":{"line":208,"column":14},"end":{"line":208,"column":32}},"85":{"start":{"line":213,"column":6},"end":{"line":213,"column":32}},"86":{"start":{"line":214,"column":6},"end":{"line":225,"column":7}},"87":{"start":{"line":215,"column":8},"end":{"line":221,"column":10}},"88":{"start":{"line":219,"column":10},"end":{"line":219,"column":47}},"89":{"start":{"line":220,"column":10},"end":{"line":220,"column":37}},"90":{"start":{"line":223,"column":8},"end":{"line":223,"column":34}},"91":{"start":{"line":224,"column":8},"end":{"line":224,"column":35}},"92":{"start":{"line":232,"column":6},"end":{"line":232,"column":33}},"93":{"start":{"line":235,"column":6},"end":{"line":235,"column":23}},"94":{"start":{"line":238,"column":6},"end":{"line":238,"column":25}},"95":{"start":{"line":241,"column":6},"end":{"line":242,"column":36}},"96":{"start":{"line":242,"column":8},"end":{"line":242,"column":36}},"97":{"start":{"line":245,"column":6},"end":{"line":246,"column":29}},"98":{"start":{"line":246,"column":6},"end":{"line":246,"column":29}},"99":{"start":{"line":249,"column":6},"end":{"line":249,"column":35}}},"fnMap":{"0":{"name":"remove","decl":{"start":{"line":1,"column":9},"end":{"line":1,"column":15}},"loc":{"start":{"line":1,"column":33},"end":{"line":3,"column":1}},"line":1},"1":{"name":"(anonymous_1)","decl":{"start":{"line":2,"column":22},"end":{"line":2,"column":23}},"loc":{"start":{"line":2,"column":27},"end":{"line":2,"column":41}},"line":2},"2":{"name":"objKey","decl":{"start":{"line":4,"column":9},"end":{"line":4,"column":15}},"loc":{"start":{"line":4,"column":28},"end":{"line":10,"column":1}},"line":4},"3":{"name":"(anonymous_3)","decl":{"start":{"line":26,"column":17},"end":{"line":26,"column":18}},"loc":{"start":{"line":26,"column":24},"end":{"line":26,"column":40}},"line":26},"4":{"name":"(anonymous_4)","decl":{"start":{"line":27,"column":17},"end":{"line":27,"column":18}},"loc":{"start":{"line":27,"column":33},"end":{"line":27,"column":86}},"line":27},"5":{"name":"(anonymous_5)","decl":{"start":{"line":28,"column":20},"end":{"line":28,"column":21}},"loc":{"start":{"line":28,"column":27},"end":{"line":28,"column":46}},"line":28},"6":{"name":"(anonymous_6)","decl":{"start":{"line":175,"column":58},"end":{"line":175,"column":59}},"loc":{"start":{"line":175,"column":72},"end":{"line":189,"column":7}},"line":175},"7":{"name":"(anonymous_7)","decl":{"start":{"line":196,"column":20},"end":{"line":196,"column":21}},"loc":{"start":{"line":196,"column":34},"end":{"line":199,"column":15}},"line":196},"8":{"name":"(anonymous_8)","decl":{"start":{"line":199,"column":17},"end":{"line":199,"column":18}},"loc":{"start":{"line":199,"column":28},"end":{"line":201,"column":15}},"line":199},"9":{"name":"(anonymous_9)","decl":{"start":{"line":205,"column":20},"end":{"line":205,"column":21}},"loc":{"start":{"line":205,"column":34},"end":{"line":207,"column":13}},"line":205},"10":{"name":"(anonymous_10)","decl":{"start":{"line":207,"column":15},"end":{"line":207,"column":16}},"loc":{"start":{"line":207,"column":26},"end":{"line":209,"column":13}},"line":207},"11":{"name":"(anonymous_11)","decl":{"start":{"line":218,"column":16},"end":{"line":218,"column":17}},"loc":{"start":{"line":218,"column":30},"end":{"line":221,"column":9}},"line":218}},"branchMap":{"0":{"loc":{"start":{"line":6,"column":4},"end":{"line":8,"column":5}},"type":"if","locations":[{"start":{"line":6,"column":4},"end":{"line":8,"column":5}},{"start":{"line":6,"column":4},"end":{"line":8,"column":5}}],"line":6},"1":{"loc":{"start":{"line":66,"column":6},"end":{"line":73,"column":7}},"type":"switch","locations":[{"start":{"line":67,"column":8},"end":{"line":69,"column":15}},{"start":{"line":70,"column":8},"end":{"line":72,"column":15}}],"line":66},"2":{"loc":{"start":{"line":99,"column":6},"end":{"line":102,"column":9}},"type":"if","locations":[{"start":{"line":99,"column":6},"end":{"line":102,"column":9}},{"start":{"line":99,"column":6},"end":{"line":102,"column":9}}],"line":99},"3":{"loc":{"start":{"line":100,"column":8},"end":{"line":102,"column":9}},"type":"if","locations":[{"start":{"line":100,"column":8},"end":{"line":102,"column":9}},{"start":{"line":100,"column":8},"end":{"line":102,"column":9}}],"line":100},"4":{"loc":{"start":{"line":193,"column":8},"end":{"line":210,"column":9}},"type":"if","locations":[{"start":{"line":193,"column":8},"end":{"line":210,"column":9}},{"start":{"line":193,"column":8},"end":{"line":210,"column":9}}],"line":193},"5":{"loc":{"start":{"line":241,"column":6},"end":{"line":242,"column":36}},"type":"if","locations":[{"start":{"line":241,"column":6},"end":{"line":242,"column":36}},{"start":{"line":241,"column":6},"end":{"line":242,"column":36}}],"line":241},"6":{"loc":{"start":{"line":245,"column":6},"end":{"line":246,"column":29}},"type":"if","locations":[{"start":{"line":245,"column":6},"end":{"line":246,"column":29}},{"start":{"line":245,"column":6},"end":{"line":246,"column":29}}],"line":245}},"s":{"0":0,"1":0,"2":0,"3":0,"4":0,"5":1,"6":1,"7":1,"8":1,"9":0,"10":0,"11":0,"12":0,"13":0,"14":0,"15":0,"16":0,"17":0,"18":0,"19":0,"20":0,"21":0,"22":0,"23":0,"24":0,"25":0,"26":0,"27":0,"28":0,"29":0,"30":0,"31":0,"32":0,"33":0,"34":0,"35":0,"36":0,"37":0,"38":0,"39":0,"40":0,"41":0,"42":0,"43":0,"44":0,"45":0,"46":0,"47":0,"48":0,"49":0,"50":0,"51":0,"52":0,"53":0,"54":0,"55":0,"56":0,"57":0,"58":0,"59":0,"60":0,"61":0,"62":0,"63":0,"64":0,"65":0,"66":0,"67":0,"68":0,"69":0,"70":0,"71":0,"72":0,"73":0,"74":0,"75":0,"76":0,"77":0,"78":0,"79":0,"80":0,"81":0,"82":0,"83":0,"84":0,"85":0,"86":0,"87":0,"88":0,"89":0,"90":0,"91":0,"92":0,"93":0,"94":0,"95":0,"96":0,"97":0,"98":0,"99":0},"f":{"0":0,"1":0,"2":0,"3":1,"4":1,"5":1,"6":0,"7":0,"8":0,"9":0,"10":0,"11":0},"b":{"0":[0,0],"1":[0,0],"2":[0,0],"3":[0,0],"4":[0,0],"5":[0,0],"6":[0,0]},"_coverageSchema":"332fd63041d2c1bcb487cc26dd0d5f7d97098a6c","hash":"b4df0f04037f5ce76d62249135865973bf156be3"}
,"/Users/kensei/program/ruby/todo-app-v2/frontend/test/jest/App/App.spec.js": {"path":"/Users/kensei/program/ruby/todo-app-v2/frontend/test/jest/App/App.spec.js","statementMap":{"0":{"start":{"line":5,"column":17},"end":{"line":5,"column":33}},"1":{"start":{"line":7,"column":0},"end":{"line":7,"column":18}},"2":{"start":{"line":9,"column":0},"end":{"line":85,"column":2}},"3":{"start":{"line":14,"column":2},"end":{"line":35,"column":4}},"4":{"start":{"line":15,"column":4},"end":{"line":18,"column":5}},"5":{"start":{"line":21,"column":4},"end":{"line":29,"column":5}},"6":{"start":{"line":22,"column":28},"end":{"line":22,"column":32}},"7":{"start":{"line":23,"column":27},"end":{"line":28,"column":8}},"8":{"start":{"line":30,"column":4},"end":{"line":34,"column":6}},"9":{"start":{"line":37,"column":2},"end":{"line":44,"column":4}},"10":{"start":{"line":38,"column":20},"end":{"line":38,"column":53}},"11":{"start":{"line":39,"column":15},"end":{"line":39,"column":25}},"12":{"start":{"line":40,"column":4},"end":{"line":40,"column":39}},"13":{"start":{"line":41,"column":23},"end":{"line":41,"column":51}},"14":{"start":{"line":42,"column":4},"end":{"line":42,"column":31}},"15":{"start":{"line":43,"column":4},"end":{"line":43,"column":32}},"16":{"start":{"line":46,"column":2},"end":{"line":74,"column":4}},"17":{"start":{"line":47,"column":20},"end":{"line":47,"column":53}},"18":{"start":{"line":48,"column":15},"end":{"line":48,"column":25}},"19":{"start":{"line":49,"column":18},"end":{"line":49,"column":49}},"20":{"start":{"line":50,"column":16},"end":{"line":50,"column":45}},"21":{"start":{"line":51,"column":19},"end":{"line":51,"column":51}},"22":{"start":{"line":52,"column":23},"end":{"line":52,"column":51}},"23":{"start":{"line":53,"column":4},"end":{"line":53,"column":37}},"24":{"start":{"line":54,"column":4},"end":{"line":54,"column":35}},"25":{"start":{"line":55,"column":4},"end":{"line":55,"column":38}},"26":{"start":{"line":56,"column":4},"end":{"line":56,"column":31}},"27":{"start":{"line":59,"column":4},"end":{"line":59,"column":27}},"28":{"start":{"line":60,"column":4},"end":{"line":60,"column":24}},"29":{"start":{"line":61,"column":4},"end":{"line":61,"column":50}},"30":{"start":{"line":62,"column":4},"end":{"line":62,"column":37}},"31":{"start":{"line":65,"column":4},"end":{"line":65,"column":23}},"32":{"start":{"line":66,"column":4},"end":{"line":66,"column":24}},"33":{"start":{"line":67,"column":4},"end":{"line":67,"column":39}},"34":{"start":{"line":70,"column":4},"end":{"line":70,"column":26}},"35":{"start":{"line":71,"column":4},"end":{"line":71,"column":38}},"36":{"start":{"line":72,"column":4},"end":{"line":72,"column":27}},"37":{"start":{"line":73,"column":4},"end":{"line":73,"column":37}},"38":{"start":{"line":76,"column":2},"end":{"line":83,"column":4}},"39":{"start":{"line":77,"column":20},"end":{"line":77,"column":53}},"40":{"start":{"line":78,"column":15},"end":{"line":78,"column":25}},"41":{"start":{"line":79,"column":16},"end":{"line":79,"column":45}},"42":{"start":{"line":80,"column":4},"end":{"line":80,"column":58}},"43":{"start":{"line":81,"column":23},"end":{"line":81,"column":50}},"44":{"start":{"line":82,"column":4},"end":{"line":82,"column":60}}},"fnMap":{"0":{"name":"(anonymous_0)","decl":{"start":{"line":9,"column":16},"end":{"line":9,"column":17}},"loc":{"start":{"line":9,"column":22},"end":{"line":85,"column":1}},"line":9},"1":{"name":"(anonymous_1)","decl":{"start":{"line":14,"column":13},"end":{"line":14,"column":14}},"loc":{"start":{"line":14,"column":19},"end":{"line":35,"column":3}},"line":14},"2":{"name":"(anonymous_2)","decl":{"start":{"line":22,"column":22},"end":{"line":22,"column":23}},"loc":{"start":{"line":22,"column":28},"end":{"line":22,"column":32}},"line":22},"3":{"name":"(anonymous_3)","decl":{"start":{"line":23,"column":21},"end":{"line":23,"column":22}},"loc":{"start":{"line":23,"column":27},"end":{"line":28,"column":8}},"line":23},"4":{"name":"(anonymous_4)","decl":{"start":{"line":37,"column":20},"end":{"line":37,"column":21}},"loc":{"start":{"line":37,"column":26},"end":{"line":44,"column":3}},"line":37},"5":{"name":"(anonymous_5)","decl":{"start":{"line":46,"column":37},"end":{"line":46,"column":38}},"loc":{"start":{"line":46,"column":43},"end":{"line":74,"column":3}},"line":46},"6":{"name":"(anonymous_6)","decl":{"start":{"line":76,"column":37},"end":{"line":76,"column":38}},"loc":{"start":{"line":76,"column":43},"end":{"line":83,"column":3}},"line":76}},"branchMap":{},"s":{"0":1,"1":1,"2":1,"3":1,"4":3,"5":3,"6":3,"7":3,"8":3,"9":1,"10":1,"11":1,"12":1,"13":1,"14":1,"15":1,"16":1,"17":1,"18":1,"19":1,"20":1,"21":1,"22":1,"23":1,"24":1,"25":1,"26":1,"27":1,"28":1,"29":1,"30":1,"31":1,"32":1,"33":1,"34":1,"35":1,"36":1,"37":1,"38":1,"39":1,"40":1,"41":1,"42":1,"43":1,"44":1},"f":{"0":1,"1":3,"2":3,"3":3,"4":1,"5":1,"6":1},"b":{},"_coverageSchema":"332fd63041d2c1bcb487cc26dd0d5f7d97098a6c","hash":"1da786a80c158a8e967b03a111f551107f8235a7"}
,"/Users/kensei/program/ruby/todo-app-v2/frontend/test/jest/Login/login.spec.js": {"path":"/Users/kensei/program/ruby/todo-app-v2/frontend/test/jest/Login/login.spec.js","statementMap":{"0":{"start":{"line":5,"column":17},"end":{"line":5,"column":33}},"1":{"start":{"line":8,"column":0},"end":{"line":8,"column":18}},"2":{"start":{"line":10,"column":0},"end":{"line":65,"column":2}},"3":{"start":{"line":15,"column":2},"end":{"line":30,"column":4}},"4":{"start":{"line":16,"column":4},"end":{"line":19,"column":5}},"5":{"start":{"line":21,"column":4},"end":{"line":23,"column":5}},"6":{"start":{"line":25,"column":4},"end":{"line":29,"column":6}},"7":{"start":{"line":32,"column":2},"end":{"line":51,"column":4}},"8":{"start":{"line":33,"column":20},"end":{"line":33,"column":55}},"9":{"start":{"line":34,"column":15},"end":{"line":34,"column":25}},"10":{"start":{"line":35,"column":18},"end":{"line":35,"column":40}},"11":{"start":{"line":38,"column":4},"end":{"line":38,"column":26}},"12":{"start":{"line":39,"column":4},"end":{"line":39,"column":39}},"13":{"start":{"line":42,"column":4},"end":{"line":42,"column":30}},"14":{"start":{"line":43,"column":4},"end":{"line":43,"column":26}},"15":{"start":{"line":44,"column":4},"end":{"line":44,"column":39}},"16":{"start":{"line":47,"column":4},"end":{"line":47,"column":41}},"17":{"start":{"line":48,"column":4},"end":{"line":48,"column":25}},"18":{"start":{"line":49,"column":4},"end":{"line":49,"column":26}},"19":{"start":{"line":50,"column":4},"end":{"line":50,"column":39}},"20":{"start":{"line":53,"column":2},"end":{"line":62,"column":4}},"21":{"start":{"line":54,"column":20},"end":{"line":54,"column":55}},"22":{"start":{"line":55,"column":15},"end":{"line":55,"column":25}},"23":{"start":{"line":56,"column":18},"end":{"line":56,"column":40}},"24":{"start":{"line":57,"column":4},"end":{"line":57,"column":41}},"25":{"start":{"line":58,"column":4},"end":{"line":58,"column":30}},"26":{"start":{"line":59,"column":4},"end":{"line":59,"column":26}},"27":{"start":{"line":60,"column":4},"end":{"line":60,"column":40}},"28":{"start":{"line":61,"column":4},"end":{"line":61,"column":48}}},"fnMap":{"0":{"name":"(anonymous_0)","decl":{"start":{"line":10,"column":24},"end":{"line":10,"column":25}},"loc":{"start":{"line":10,"column":30},"end":{"line":65,"column":1}},"line":10},"1":{"name":"(anonymous_1)","decl":{"start":{"line":15,"column":13},"end":{"line":15,"column":14}},"loc":{"start":{"line":15,"column":18},"end":{"line":30,"column":3}},"line":15},"2":{"name":"(anonymous_2)","decl":{"start":{"line":32,"column":38},"end":{"line":32,"column":39}},"loc":{"start":{"line":32,"column":44},"end":{"line":51,"column":3}},"line":32},"3":{"name":"(anonymous_3)","decl":{"start":{"line":53,"column":40},"end":{"line":53,"column":41}},"loc":{"start":{"line":53,"column":46},"end":{"line":62,"column":3}},"line":53}},"branchMap":{},"s":{"0":1,"1":1,"2":1,"3":1,"4":2,"5":2,"6":2,"7":1,"8":1,"9":1,"10":1,"11":1,"12":1,"13":1,"14":1,"15":1,"16":1,"17":1,"18":1,"19":1,"20":1,"21":1,"22":1,"23":1,"24":1,"25":1,"26":1,"27":1,"28":1},"f":{"0":1,"1":2,"2":1,"3":1},"b":{},"_coverageSchema":"332fd63041d2c1bcb487cc26dd0d5f7d97098a6c","hash":"151386d56190b892efb130fafe95c33226c5d37a"}
,"/Users/kensei/program/ruby/todo-app-v2/frontend/test/jest/store/store_test.js": {"path":"/Users/kensei/program/ruby/todo-app-v2/frontend/test/jest/store/store_test.js","statementMap":{"0":{"start":{"line":2,"column":2},"end":{"line":2,"column":40}},"1":{"start":{"line":2,"column":27},"end":{"line":2,"column":38}},"2":{"start":{"line":5,"column":2},"end":{"line":9,"column":3}},"3":{"start":{"line":6,"column":4},"end":{"line":8,"column":5}},"4":{"start":{"line":7,"column":8},"end":{"line":7,"column":18}},"5":{"start":{"line":18,"column":0},"end":{"line":18,"column":13}},"6":{"start":{"line":31,"column":6},"end":{"line":31,"column":25}},"7":{"start":{"line":32,"column":6},"end":{"line":36,"column":7}},"8":{"start":{"line":33,"column":8},"end":{"line":33,"column":35}},"9":{"start":{"line":35,"column":8},"end":{"line":35,"column":36}},"10":{"start":{"line":39,"column":6},"end":{"line":39,"column":23}},"11":{"start":{"line":40,"column":6},"end":{"line":40,"column":33}},"12":{"start":{"line":41,"column":6},"end":{"line":41,"column":25}},"13":{"start":{"line":42,"column":6},"end":{"line":42,"column":56}},"14":{"start":{"line":45,"column":6},"end":{"line":45,"column":30}},"15":{"start":{"line":48,"column":6},"end":{"line":48,"column":51}},"16":{"start":{"line":49,"column":6},"end":{"line":49,"column":53}},"17":{"start":{"line":52,"column":6},"end":{"line":52,"column":23}},"18":{"start":{"line":53,"column":6},"end":{"line":53,"column":33}},"19":{"start":{"line":54,"column":6},"end":{"line":54,"column":25}},"20":{"start":{"line":55,"column":6},"end":{"line":55,"column":35}},"21":{"start":{"line":58,"column":6},"end":{"line":58,"column":29}},"22":{"start":{"line":61,"column":15},"end":{"line":61,"column":47}},"23":{"start":{"line":62,"column":6},"end":{"line":69,"column":7}},"24":{"start":{"line":64,"column":10},"end":{"line":64,"column":70}},"25":{"start":{"line":65,"column":10},"end":{"line":65,"column":15}},"26":{"start":{"line":67,"column":10},"end":{"line":67,"column":62}},"27":{"start":{"line":68,"column":10},"end":{"line":68,"column":15}},"28":{"start":{"line":73,"column":6},"end":{"line":79,"column":8}},"29":{"start":{"line":80,"column":6},"end":{"line":80,"column":35}},"30":{"start":{"line":83,"column":6},"end":{"line":83,"column":24}},"31":{"start":{"line":86,"column":6},"end":{"line":89,"column":7}},"32":{"start":{"line":90,"column":6},"end":{"line":90,"column":39}},"33":{"start":{"line":93,"column":6},"end":{"line":93,"column":42}},"34":{"start":{"line":96,"column":6},"end":{"line":96,"column":63}},"35":{"start":{"line":101,"column":6},"end":{"line":101,"column":31}},"36":{"start":{"line":105,"column":6},"end":{"line":105,"column":29}},"37":{"start":{"line":108,"column":6},"end":{"line":120,"column":7}},"38":{"start":{"line":109,"column":25},"end":{"line":115,"column":10}},"39":{"start":{"line":116,"column":10},"end":{"line":116,"column":42}},"40":{"start":{"line":117,"column":10},"end":{"line":117,"column":32}},"41":{"start":{"line":119,"column":8},"end":{"line":119,"column":34}},"42":{"start":{"line":123,"column":6},"end":{"line":136,"column":7}},"43":{"start":{"line":124,"column":25},"end":{"line":129,"column":10}},"44":{"start":{"line":130,"column":10},"end":{"line":130,"column":31}},"45":{"start":{"line":131,"column":10},"end":{"line":131,"column":42}},"46":{"start":{"line":132,"column":10},"end":{"line":132,"column":32}},"47":{"start":{"line":134,"column":8},"end":{"line":134,"column":26}},"48":{"start":{"line":135,"column":8},"end":{"line":135,"column":34}},"49":{"start":{"line":139,"column":6},"end":{"line":139,"column":41}},"50":{"start":{"line":140,"column":6},"end":{"line":140,"column":26}},"51":{"start":{"line":143,"column":6},"end":{"line":143,"column":32}},"52":{"start":{"line":144,"column":6},"end":{"line":152,"column":7}},"53":{"start":{"line":145,"column":23},"end":{"line":146,"column":28}},"54":{"start":{"line":147,"column":8},"end":{"line":147,"column":53}},"55":{"start":{"line":148,"column":8},"end":{"line":148,"column":35}},"56":{"start":{"line":150,"column":8},"end":{"line":150,"column":34}},"57":{"start":{"line":151,"column":8},"end":{"line":151,"column":35}},"58":{"start":{"line":155,"column":6},"end":{"line":155,"column":32}},"59":{"start":{"line":156,"column":6},"end":{"line":163,"column":7}},"60":{"start":{"line":157,"column":8},"end":{"line":157,"column":45}},"61":{"start":{"line":158,"column":8},"end":{"line":158,"column":36}},"62":{"start":{"line":159,"column":8},"end":{"line":159,"column":35}},"63":{"start":{"line":161,"column":8},"end":{"line":161,"column":34}},"64":{"start":{"line":162,"column":8},"end":{"line":162,"column":35}},"65":{"start":{"line":166,"column":6},"end":{"line":166,"column":32}},"66":{"start":{"line":167,"column":6},"end":{"line":181,"column":8}},"67":{"start":{"line":168,"column":22},"end":{"line":168,"column":24}},"68":{"start":{"line":169,"column":20},"end":{"line":169,"column":39}},"69":{"start":{"line":170,"column":8},"end":{"line":177,"column":9}},"70":{"start":{"line":171,"column":10},"end":{"line":176,"column":12}},"71":{"start":{"line":179,"column":8},"end":{"line":179,"column":33}},"72":{"start":{"line":180,"column":8},"end":{"line":180,"column":35}},"73":{"start":{"line":184,"column":19},"end":{"line":184,"column":55}},"74":{"start":{"line":185,"column":8},"end":{"line":201,"column":9}},"75":{"start":{"line":186,"column":10},"end":{"line":192,"column":16}},"76":{"start":{"line":189,"column":16},"end":{"line":189,"column":45}},"77":{"start":{"line":191,"column":16},"end":{"line":191,"column":34}},"78":{"start":{"line":194,"column":10},"end":{"line":200,"column":14}},"79":{"start":{"line":197,"column":14},"end":{"line":197,"column":42}},"80":{"start":{"line":199,"column":14},"end":{"line":199,"column":32}},"81":{"start":{"line":204,"column":6},"end":{"line":204,"column":32}},"82":{"start":{"line":205,"column":6},"end":{"line":216,"column":7}},"83":{"start":{"line":206,"column":8},"end":{"line":212,"column":10}},"84":{"start":{"line":210,"column":10},"end":{"line":210,"column":47}},"85":{"start":{"line":211,"column":10},"end":{"line":211,"column":37}},"86":{"start":{"line":214,"column":8},"end":{"line":214,"column":34}},"87":{"start":{"line":215,"column":8},"end":{"line":215,"column":35}},"88":{"start":{"line":223,"column":6},"end":{"line":223,"column":33}},"89":{"start":{"line":226,"column":6},"end":{"line":226,"column":23}},"90":{"start":{"line":229,"column":6},"end":{"line":229,"column":25}},"91":{"start":{"line":232,"column":6},"end":{"line":233,"column":36}},"92":{"start":{"line":233,"column":8},"end":{"line":233,"column":36}},"93":{"start":{"line":236,"column":6},"end":{"line":237,"column":29}},"94":{"start":{"line":237,"column":6},"end":{"line":237,"column":29}},"95":{"start":{"line":240,"column":6},"end":{"line":240,"column":35}}},"fnMap":{"0":{"name":"remove","decl":{"start":{"line":1,"column":9},"end":{"line":1,"column":15}},"loc":{"start":{"line":1,"column":27},"end":{"line":3,"column":1}},"line":1},"1":{"name":"(anonymous_1)","decl":{"start":{"line":2,"column":22},"end":{"line":2,"column":23}},"loc":{"start":{"line":2,"column":27},"end":{"line":2,"column":38}},"line":2},"2":{"name":"objKey","decl":{"start":{"line":4,"column":9},"end":{"line":4,"column":15}},"loc":{"start":{"line":4,"column":28},"end":{"line":10,"column":1}},"line":4},"3":{"name":"(anonymous_3)","decl":{"start":{"line":167,"column":58},"end":{"line":167,"column":59}},"loc":{"start":{"line":167,"column":72},"end":{"line":181,"column":7}},"line":167},"4":{"name":"(anonymous_4)","decl":{"start":{"line":188,"column":20},"end":{"line":188,"column":21}},"loc":{"start":{"line":188,"column":34},"end":{"line":190,"column":15}},"line":188},"5":{"name":"(anonymous_5)","decl":{"start":{"line":190,"column":17},"end":{"line":190,"column":18}},"loc":{"start":{"line":190,"column":28},"end":{"line":192,"column":15}},"line":190},"6":{"name":"(anonymous_6)","decl":{"start":{"line":196,"column":20},"end":{"line":196,"column":21}},"loc":{"start":{"line":196,"column":34},"end":{"line":198,"column":13}},"line":196},"7":{"name":"(anonymous_7)","decl":{"start":{"line":198,"column":15},"end":{"line":198,"column":16}},"loc":{"start":{"line":198,"column":26},"end":{"line":200,"column":13}},"line":198},"8":{"name":"(anonymous_8)","decl":{"start":{"line":209,"column":16},"end":{"line":209,"column":17}},"loc":{"start":{"line":209,"column":30},"end":{"line":212,"column":9}},"line":209}},"branchMap":{"0":{"loc":{"start":{"line":6,"column":4},"end":{"line":8,"column":5}},"type":"if","locations":[{"start":{"line":6,"column":4},"end":{"line":8,"column":5}},{"start":{"line":6,"column":4},"end":{"line":8,"column":5}}],"line":6},"1":{"loc":{"start":{"line":32,"column":6},"end":{"line":36,"column":7}},"type":"if","locations":[{"start":{"line":32,"column":6},"end":{"line":36,"column":7}},{"start":{"line":32,"column":6},"end":{"line":36,"column":7}}],"line":32},"2":{"loc":{"start":{"line":62,"column":6},"end":{"line":69,"column":7}},"type":"switch","locations":[{"start":{"line":63,"column":8},"end":{"line":65,"column":15}},{"start":{"line":66,"column":8},"end":{"line":68,"column":15}}],"line":62},"3":{"loc":{"start":{"line":185,"column":8},"end":{"line":201,"column":9}},"type":"if","locations":[{"start":{"line":185,"column":8},"end":{"line":201,"column":9}},{"start":{"line":185,"column":8},"end":{"line":201,"column":9}}],"line":185},"4":{"loc":{"start":{"line":232,"column":6},"end":{"line":233,"column":36}},"type":"if","locations":[{"start":{"line":232,"column":6},"end":{"line":233,"column":36}},{"start":{"line":232,"column":6},"end":{"line":233,"column":36}}],"line":232},"5":{"loc":{"start":{"line":236,"column":6},"end":{"line":237,"column":29}},"type":"if","locations":[{"start":{"line":236,"column":6},"end":{"line":237,"column":29}},{"start":{"line":236,"column":6},"end":{"line":237,"column":29}}],"line":236}},"s":{"0":0,"1":0,"2":0,"3":0,"4":0,"5":1,"6":0,"7":0,"8":0,"9":0,"10":0,"11":0,"12":0,"13":0,"14":0,"15":0,"16":0,"17":0,"18":0,"19":0,"20":0,"21":0,"22":0,"23":0,"24":0,"25":0,"26":0,"27":0,"28":0,"29":0,"30":0,"31":0,"32":0,"33":0,"34":0,"35":0,"36":0,"37":0,"38":0,"39":0,"40":0,"41":0,"42":0,"43":0,"44":0,"45":0,"46":0,"47":0,"48":0,"49":0,"50":0,"51":0,"52":0,"53":0,"54":0,"55":0,"56":0,"57":0,"58":0,"59":0,"60":0,"61":0,"62":0,"63":0,"64":0,"65":0,"66":0,"67":0,"68":0,"69":0,"70":0,"71":0,"72":0,"73":0,"74":0,"75":0,"76":0,"77":0,"78":0,"79":0,"80":0,"81":0,"82":0,"83":0,"84":0,"85":0,"86":0,"87":0,"88":0,"89":0,"90":2,"91":0,"92":0,"93":0,"94":0,"95":0},"f":{"0":0,"1":0,"2":0,"3":0,"4":0,"5":0,"6":0,"7":0,"8":0},"b":{"0":[0,0],"1":[0,0],"2":[0,0],"3":[0,0],"4":[0,0],"5":[0,0]},"_coverageSchema":"332fd63041d2c1bcb487cc26dd0d5f7d97098a6c","hash":"3ed022939c9600ffd7d48791b38b5d1c614b08a9"}
}
