TN:
SF:unknown
FN:46,(anonymous_0)
FNF:1
FNH:0
FNDA:0,(anonymous_0)
DA:46,1
DA:57,1
DA:58,0
DA:59,0
DA:62,0
DA:63,0
DA:68,0
DA:71,1
DA:74,0
DA:79,1
DA:81,0
LF:11
LH:4
BRDA:58,0,0,0
BRDA:58,0,1,1
BRDA:74,1,0,1
BRDA:74,1,1,0
BRF:4
BRH:2
end_of_record
TN:
SF:/Users/kensei/program/ruby/todo-app-v2/frontend/test/jest/App/App.spec.js
FN:9,(anonymous_0)
FN:14,(anonymous_1)
FN:22,(anonymous_2)
FN:23,(anonymous_3)
FN:37,(anonymous_4)
FN:46,(anonymous_5)
FN:76,(anonymous_6)
FNF:7
FNH:7
FNDA:1,(anonymous_0)
FNDA:3,(anonymous_1)
FNDA:3,(anonymous_2)
FNDA:3,(anonymous_3)
FNDA:1,(anonymous_4)
FNDA:1,(anonymous_5)
FNDA:1,(anonymous_6)
DA:5,1
DA:7,1
DA:9,1
DA:14,1
DA:15,3
DA:21,3
DA:22,3
DA:23,3
DA:30,3
DA:37,1
DA:38,1
DA:39,1
DA:40,1
DA:41,1
DA:42,1
DA:43,1
DA:46,1
DA:47,1
DA:48,1
DA:49,1
DA:50,1
DA:51,1
DA:52,1
DA:53,1
DA:54,1
DA:55,1
DA:56,1
DA:59,1
DA:60,1
DA:61,1
DA:62,1
DA:65,1
DA:66,1
DA:67,1
DA:70,1
DA:71,1
DA:72,1
DA:73,1
DA:76,1
DA:77,1
DA:78,1
DA:79,1
DA:80,1
DA:81,1
DA:82,1
LF:45
LH:45
BRF:0
BRH:0
end_of_record
TN:
SF:/Users/kensei/program/ruby/todo-app-v2/frontend/test/jest/Login/login.spec.js
FN:12,(anonymous_0)
FN:18,(anonymous_1)
FN:33,(anonymous_2)
FN:34,(anonymous_3)
FNF:4
FNH:4
FNDA:1,(anonymous_0)
FNDA:1,(anonymous_1)
FNDA:1,(anonymous_2)
FNDA:1,(anonymous_3)
DA:6,1
DA:7,1
DA:9,1
DA:10,1
DA:12,1
DA:18,1
DA:19,1
DA:23,1
DA:27,1
DA:33,1
DA:34,1
DA:35,1
DA:36,1
DA:37,1
DA:38,1
DA:41,1
DA:42,1
LF:17
LH:17
BRF:0
BRH:0
end_of_record
TN:
SF:/Users/kensei/program/ruby/todo-app-v2/frontend/test/jest/store/store_test.js
FN:1,remove
FN:2,(anonymous_1)
FN:4,objKey
FN:27,(anonymous_3)
FN:28,(anonymous_4)
FN:29,(anonymous_5)
FN:183,(anonymous_6)
FN:204,(anonymous_7)
FN:207,(anonymous_8)
FN:213,(anonymous_9)
FN:215,(anonymous_10)
FN:226,(anonymous_11)
FNF:12
FNH:2
FNDA:0,remove
FNDA:0,(anonymous_1)
FNDA:0,objKey
FNDA:0,(anonymous_3)
FNDA:2,(anonymous_4)
FNDA:2,(anonymous_5)
FNDA:0,(anonymous_6)
FNDA:0,(anonymous_7)
FNDA:0,(anonymous_8)
FNDA:0,(anonymous_9)
FNDA:0,(anonymous_10)
FNDA:0,(anonymous_11)
DA:2,0
DA:5,0
DA:6,0
DA:7,0
DA:20,2
DA:27,0
DA:28,2
DA:29,2
DA:43,0
DA:44,0
DA:45,0
DA:46,0
DA:47,0
DA:50,0
DA:53,0
DA:54,0
DA:57,0
DA:60,0
DA:61,0
DA:64,0
DA:65,0
DA:66,0
DA:67,0
DA:68,0
DA:71,0
DA:74,0
DA:75,0
DA:77,0
DA:78,0
DA:80,0
DA:81,0
DA:85,0
DA:94,0
DA:97,0
DA:101,0
DA:104,0
DA:107,0
DA:108,0
DA:109,0
DA:110,0
DA:116,0
DA:119,0
DA:120,0
DA:121,0
DA:128,0
DA:129,0
DA:130,0
DA:132,0
DA:133,0
DA:137,0
DA:138,0
DA:145,0
DA:146,0
DA:148,0
DA:149,0
DA:153,0
DA:154,0
DA:157,0
DA:158,0
DA:159,0
DA:161,0
DA:162,0
DA:164,0
DA:165,0
DA:169,0
DA:170,0
DA:171,0
DA:172,0
DA:173,0
DA:174,0
DA:175,0
DA:177,0
DA:178,0
DA:182,0
DA:183,0
DA:184,0
DA:185,0
DA:186,0
DA:187,0
DA:195,0
DA:196,0
DA:200,0
DA:201,0
DA:202,0
DA:205,0
DA:206,0
DA:208,0
DA:211,0
DA:214,0
DA:216,0
DA:221,0
DA:222,0
DA:223,0
DA:227,0
DA:228,0
DA:231,0
DA:232,0
DA:240,0
DA:243,0
DA:246,1
DA:249,1
DA:252,0
DA:253,0
DA:256,0
DA:257,0
DA:260,0
LF:106
LH:5
BRDA:6,0,0,0
BRDA:6,0,1,0
BRDA:75,1,0,0
BRDA:75,1,1,0
BRDA:108,2,0,0
BRDA:108,2,1,0
BRDA:109,3,0,0
BRDA:109,3,1,0
BRDA:201,4,0,0
BRDA:201,4,1,0
BRDA:252,5,0,0
BRDA:252,5,1,0
BRDA:256,6,0,0
BRDA:256,6,1,0
BRF:14
BRH:0
end_of_record
